Using pre-set license
Built from '2020.3/staging' branch; Version is '2020.3.17f1 (a4537701e4ab) revision 10769271'; Using compiler version '192528614'; Build Type 'Release'
OS: 'Windows 10 Home; OS build 19042.1237; Version 2009; 64bit' Language: 'en' Physical Memory: 8091 MB
BatchMode: 1, IsHumanControllingUs: 0, StartBugReporterOnCrash: 0, Is64bit: 1, IsPro: 0

COMMAND LINE ARGUMENTS:
E:\Unity Versions\2020.3.17f1\Editor\Unity.exe
-adb2
-batchMode
-noUpm
-name
AssetImportWorker1
-projectPath
E:/CasualProject
-logFile
Logs/AssetImportWorker1.log
-srvPort
63409
Successfully changed project path to: E:/CasualProject
E:/CasualProject
Using Asset Import Pipeline V2.
Refreshing native plugins compatible for Editor in 183.03 ms, found 2 plugins.
Preloading 0 native plugins for Editor in 0.00 ms.
Initialize engine version: 2020.3.17f1 (a4537701e4ab)
[Subsystems] Discovering subsystems at path E:/Unity Versions/2020.3.17f1/Editor/Data/Resources/UnitySubsystems
[Subsystems] Discovering subsystems at path E:/CasualProject/Assets
GfxDevice: creating device client; threaded=0
Direct3D:
    Version:  Direct3D 11.0 [level 11.1]
    Renderer: NVIDIA GeForce GTX 970M (ID=0x13d8)
    Vendor:   
    VRAM:     3029 MB
    Driver:   30.0.14.7111
Initialize mono
Mono path[0] = 'E:/Unity Versions/2020.3.17f1/Editor/Data/Managed'
Mono path[1] = 'E:/Unity Versions/2020.3.17f1/Editor/Data/MonoBleedingEdge/lib/mono/unityjit'
Mono config path = 'E:/Unity Versions/2020.3.17f1/Editor/Data/MonoBleedingEdge/etc'
Using monoOptions --debugger-agent=transport=dt_socket,embedding=1,server=y,suspend=n,address=127.0.0.1:56216
Begin MonoManager ReloadAssembly
Registering precompiled unity dll's ...
Register platform support module: E:/Unity Versions/2020.3.17f1/Editor/Data/PlaybackEngines/WebGLSupport/UnityEditor.WebGL.Extensions.dll
Register platform support module: E:/Unity Versions/2020.3.17f1/Editor/Data/PlaybackEngines/WindowsStandaloneSupport/UnityEditor.WindowsStandalone.Extensions.dll
Registered in 0.003444 seconds.
Native extension for WindowsStandalone target not found
Native extension for WebGL target not found
Refreshing native plugins compatible for Editor in 134.99 ms, found 2 plugins.
Preloading 0 native plugins for Editor in 0.00 ms.
Mono: successfully reloaded assembly
- Completed reload, in  2.421 seconds
Domain Reload Profiling:
	ReloadAssembly (2421ms)
		BeginReloadAssembly (139ms)
			ExecutionOrderSort (0ms)
			DisableScriptedObjects (0ms)
			BackupInstance (0ms)
			ReleaseScriptingObjects (0ms)
			CreateAndSetChildDomain (1ms)
		EndReloadAssembly (1104ms)
			LoadAssemblies (136ms)
			RebuildTransferFunctionScriptingTraits (0ms)
			SetupTypeCache (248ms)
			ReleaseScriptCaches (0ms)
			RebuildScriptCaches (218ms)
			SetupLoadedEditorAssemblies (412ms)
				LogAssemblyErrors (0ms)
				InitializePlatformSupportModulesInManaged (11ms)
				SetLoadedEditorAssemblies (0ms)
				RefreshPlugins (135ms)
				BeforeProcessingInitializeOnLoad (17ms)
				ProcessInitializeOnLoadAttributes (192ms)
				ProcessInitializeOnLoadMethodAttributes (56ms)
				AfterProcessingInitializeOnLoad (0ms)
				EditorAssembliesLoaded (0ms)
			ExecutionOrderSort2 (0ms)
			AwakeInstancesAfterBackupRestoration (0ms)
Platform modules already initialized, skipping
Registering precompiled user dll's ...
Registered in 0.008537 seconds.
Begin MonoManager ReloadAssembly
Native extension for WindowsStandalone target not found
Native extension for WebGL target not found
Refreshing native plugins compatible for Editor in 90.37 ms, found 2 plugins.
Preloading 0 native plugins for Editor in 0.00 ms.
Mono: successfully reloaded assembly
- Completed reload, in  7.217 seconds
Domain Reload Profiling:
	ReloadAssembly (7229ms)
		BeginReloadAssembly (277ms)
			ExecutionOrderSort (0ms)
			DisableScriptedObjects (5ms)
			BackupInstance (0ms)
			ReleaseScriptingObjects (0ms)
			CreateAndSetChildDomain (40ms)
		EndReloadAssembly (6859ms)
			LoadAssemblies (5311ms)
			RebuildTransferFunctionScriptingTraits (0ms)
			SetupTypeCache (502ms)
			ReleaseScriptCaches (1ms)
			RebuildScriptCaches (77ms)
			SetupLoadedEditorAssemblies (797ms)
				LogAssemblyErrors (0ms)
				InitializePlatformSupportModulesInManaged (10ms)
				SetLoadedEditorAssemblies (0ms)
				RefreshPlugins (90ms)
				BeforeProcessingInitializeOnLoad (131ms)
				ProcessInitializeOnLoadAttributes (554ms)
				ProcessInitializeOnLoadMethodAttributes (7ms)
				AfterProcessingInitializeOnLoad (5ms)
				EditorAssembliesLoaded (0ms)
			ExecutionOrderSort2 (0ms)
			AwakeInstancesAfterBackupRestoration (11ms)
Platform modules already initialized, skipping
========================================================================
Worker process is ready to serve import requests
Launched and connected shader compiler UnityShaderCompiler.exe after 0.23 seconds
Refreshing native plugins compatible for Editor in 0.71 ms, found 2 plugins.
Preloading 0 native plugins for Editor in 0.00 ms.
Unloading 3238 Unused Serialized files (Serialized files now loaded: 0)
System memory in use before: 151.8 MB.
System memory in use after: 152.0 MB.

Unloading 20 unused Assets to reduce memory usage. Loaded Objects now: 3672.
Total: 4.616900 ms (FindLiveObjects: 0.678700 ms CreateObjectMapping: 0.312400 ms MarkObjects: 3.499000 ms  DeleteObjects: 0.125000 ms)

AssetImportParameters requested are different than current active one (requested -> active):
  custom:framework-win-MediaFoundation: 216162199b28c13a410421893ffa2e32 -> 
  custom:video-decoder-ogg-theora: a1e56fd34408186e4bbccfd4996cb3dc -> 
  custom:container-muxer-webm: aa71ff27fc2769a1b78a27578f13a17b -> 
  custom:container-demuxer-webm: 4f35f7cbe854078d1ac9338744f61a02 -> 
  custom:container-demuxer-ogg: 62fdf1f143b41e24485cea50d1cbac27 -> 
  custom:video-encoder-webm-vp8: eb34c28f22e8b96e1ab97ce403110664 -> 
  custom:video-codec-MediaFoundation-h265: 746d11721c4dcdbdad8f713fa42b33f4 -> 
  custom:video-decoder-webm-vp8: 9c59270c3fd7afecdb556c50c9e8de78 -> 
  custom:audio-decoder-ogg-vorbis: bf7c407c2cedff20999df2af8eb42d56 -> 
  custom:audio-encoder-webm-vorbis: bf7c407c2cedff20999df2af8eb42d56 -> 
========================================================================
Received Import Request.
  path: Assets/Models/Platforms
  artifactKey: Guid(22a76c2eea84d6843a8819d5a13fd918) Importer(815301076,1909f56bfc062723c751e8b465ee728b)
Start importing Assets/Models/Platforms using Guid(22a76c2eea84d6843a8819d5a13fd918) Importer(815301076,1909f56bfc062723c751e8b465ee728b)  -> (artifact id: 'b5367ad6d59739a2c45a5c95478c023a') in 0.022284 seconds 
  Import took 0.028508 seconds .

========================================================================
Received Import Request.
  Time since last request: 0.000261 seconds.
  path: Assets/Models/Platforms/Building_Platform.fbx
  artifactKey: Guid(6f714079055513748888980f2d66cef5) Importer(815301076,1909f56bfc062723c751e8b465ee728b)
Start importing Assets/Models/Platforms/Building_Platform.fbx using Guid(6f714079055513748888980f2d66cef5) Importer(815301076,1909f56bfc062723c751e8b465ee728b)  -> (artifact id: 'd37b8f22a4ea57e9cceb429f3d8ab98d') in 1.184022 seconds 
  Import took 1.190358 seconds .

========================================================================
Received Import Request.
  Time since last request: 0.000345 seconds.
  path: Assets/Models/Platforms/Building_Platform_Square.fbx
  artifactKey: Guid(229bc527b5644c94ea8585e30ccc6d6b) Importer(815301076,1909f56bfc062723c751e8b465ee728b)
Start importing Assets/Models/Platforms/Building_Platform_Square.fbx using Guid(229bc527b5644c94ea8585e30ccc6d6b) Importer(815301076,1909f56bfc062723c751e8b465ee728b)  -> (artifact id: '35307b4912cf4bc928998d1149e6a539') in 0.091972 seconds 
  Import took 0.099582 seconds .

========================================================================
Received Import Request.
  Time since last request: 17.286197 seconds.
  path: Assets/Models/Platforms/Building_Platform.fbx
  artifactKey: Guid(6f714079055513748888980f2d66cef5) Importer(815301076,1909f56bfc062723c751e8b465ee728b)
Start importing Assets/Models/Platforms/Building_Platform.fbx using Guid(6f714079055513748888980f2d66cef5) Importer(815301076,1909f56bfc062723c751e8b465ee728b)  -> (artifact id: 'e16940d35f27e4243b38c05d0a22211a') in 0.082298 seconds 
  Import took 0.090268 seconds .

========================================================================
Received Import Request.
  Time since last request: 7.101904 seconds.
  path: Assets/Models/Platforms/Building_Platform.fbx
  artifactKey: Guid(6f714079055513748888980f2d66cef5) Importer(815301076,1909f56bfc062723c751e8b465ee728b)
Start importing Assets/Models/Platforms/Building_Platform.fbx using Guid(6f714079055513748888980f2d66cef5) Importer(815301076,1909f56bfc062723c751e8b465ee728b)  -> (artifact id: '77667a34481edad2754971083bb89d55') in 0.069089 seconds 
  Import took 0.084034 seconds .

========================================================================
Received Import Request.
  Time since last request: 0.001229 seconds.
  path: Assets/Models/Platforms/Building_Platform.fbx
  artifactKey: Guid(6f714079055513748888980f2d66cef5) Importer(815301076,1909f56bfc062723c751e8b465ee728b)
Start importing Assets/Models/Platforms/Building_Platform.fbx using Guid(6f714079055513748888980f2d66cef5) Importer(815301076,1909f56bfc062723c751e8b465ee728b)  -> (artifact id: '77667a34481edad2754971083bb89d55') in 0.061440 seconds 
  Import took 0.075641 seconds .

========================================================================
Received Import Request.
  Time since last request: 8.032623 seconds.
  path: Assets/Models/Platforms/Building_Platform_Square.fbx
  artifactKey: Guid(229bc527b5644c94ea8585e30ccc6d6b) Importer(815301076,1909f56bfc062723c751e8b465ee728b)
Start importing Assets/Models/Platforms/Building_Platform_Square.fbx using Guid(229bc527b5644c94ea8585e30ccc6d6b) Importer(815301076,1909f56bfc062723c751e8b465ee728b)  -> (artifact id: '6582dccedb60c884a3de5f2e82f4253d') in 0.101085 seconds 
  Import took 0.114377 seconds .

========================================================================
Received Import Request.
  Time since last request: 7.711186 seconds.
  path: Assets/Models/Platforms/Building_Platform_Square.fbx
  artifactKey: Guid(229bc527b5644c94ea8585e30ccc6d6b) Importer(815301076,1909f56bfc062723c751e8b465ee728b)
Start importing Assets/Models/Platforms/Building_Platform_Square.fbx using Guid(229bc527b5644c94ea8585e30ccc6d6b) Importer(815301076,1909f56bfc062723c751e8b465ee728b)  -> (artifact id: '9f9410a960350de234033092d44c07ac') in 0.070507 seconds 
  Import took 0.083290 seconds .

AssetImportWorkerClient::OnTransportError - code=2 error=End of file
