Using pre-set license
Built from '2020.3/staging' branch; Version is '2020.3.17f1 (a4537701e4ab) revision 10769271'; Using compiler version '192528614'; Build Type 'Release'
OS: 'Windows 10 Pro; OS build 19042.1237; Version 2009; 64bit' Language: 'en' Physical Memory: 32693 MB
BatchMode: 1, IsHumanControllingUs: 0, StartBugReporterOnCrash: 0, Is64bit: 1, IsPro: 0

COMMAND LINE ARGUMENTS:
C:\Program Files\Unity\Hub\Editor\2020.3.17f1\Editor\Unity.exe
-adb2
-batchMode
-noUpm
-name
AssetImportWorker0
-projectPath
C:/Users/willi/git/CasualProject
-logFile
Logs/AssetImportWorker0.log
-srvPort
50349
Successfully changed project path to: C:/Users/willi/git/CasualProject
C:/Users/willi/git/CasualProject
Using Asset Import Pipeline V2.
Refreshing native plugins compatible for Editor in 59.18 ms, found 2 plugins.
Preloading 0 native plugins for Editor in 0.00 ms.
Initialize engine version: 2020.3.17f1 (a4537701e4ab)
[Subsystems] Discovering subsystems at path C:/Program Files/Unity/Hub/Editor/2020.3.17f1/Editor/Data/Resources/UnitySubsystems
[Subsystems] Discovering subsystems at path C:/Users/willi/git/CasualProject/Assets
GfxDevice: creating device client; threaded=0
Direct3D:
    Version:  Direct3D 11.0 [level 11.1]
    Renderer: NVIDIA GeForce GTX 1060 6GB (ID=0x1c03)
    Vendor:   
    VRAM:     6052 MB
    Driver:   27.21.14.6589
Initialize mono
Mono path[0] = 'C:/Program Files/Unity/Hub/Editor/2020.3.17f1/Editor/Data/Managed'
Mono path[1] = 'C:/Program Files/Unity/Hub/Editor/2020.3.17f1/Editor/Data/MonoBleedingEdge/lib/mono/unityjit'
Mono config path = 'C:/Program Files/Unity/Hub/Editor/2020.3.17f1/Editor/Data/MonoBleedingEdge/etc'
Using monoOptions --debugger-agent=transport=dt_socket,embedding=1,server=y,suspend=n,address=127.0.0.1:56804
Begin MonoManager ReloadAssembly
Registering precompiled unity dll's ...
Register platform support module: C:/Program Files/Unity/Hub/Editor/2020.3.17f1/Editor/Data/PlaybackEngines/WindowsStandaloneSupport/UnityEditor.WindowsStandalone.Extensions.dll
Registered in 0.002689 seconds.
Native extension for WindowsStandalone target not found
Refreshing native plugins compatible for Editor in 59.85 ms, found 2 plugins.
Preloading 0 native plugins for Editor in 0.00 ms.
Mono: successfully reloaded assembly
- Completed reload, in  1.186 seconds
Domain Reload Profiling:
	ReloadAssembly (1186ms)
		BeginReloadAssembly (55ms)
			ExecutionOrderSort (0ms)
			DisableScriptedObjects (0ms)
			BackupInstance (0ms)
			ReleaseScriptingObjects (0ms)
			CreateAndSetChildDomain (1ms)
		EndReloadAssembly (391ms)
			LoadAssemblies (53ms)
			RebuildTransferFunctionScriptingTraits (0ms)
			SetupTypeCache (128ms)
			ReleaseScriptCaches (0ms)
			RebuildScriptCaches (26ms)
			SetupLoadedEditorAssemblies (169ms)
				LogAssemblyErrors (0ms)
				InitializePlatformSupportModulesInManaged (4ms)
				SetLoadedEditorAssemblies (0ms)
				RefreshPlugins (60ms)
				BeforeProcessingInitializeOnLoad (15ms)
				ProcessInitializeOnLoadAttributes (67ms)
				ProcessInitializeOnLoadMethodAttributes (24ms)
				AfterProcessingInitializeOnLoad (0ms)
				EditorAssembliesLoaded (0ms)
			ExecutionOrderSort2 (0ms)
			AwakeInstancesAfterBackupRestoration (0ms)
Platform modules already initialized, skipping
Registering precompiled user dll's ...
Registered in 0.006356 seconds.
Begin MonoManager ReloadAssembly
Native extension for WindowsStandalone target not found
Refreshing native plugins compatible for Editor in 58.45 ms, found 2 plugins.
Preloading 0 native plugins for Editor in 0.00 ms.
Mono: successfully reloaded assembly
- Completed reload, in  1.168 seconds
Domain Reload Profiling:
	ReloadAssembly (1169ms)
		BeginReloadAssembly (137ms)
			ExecutionOrderSort (0ms)
			DisableScriptedObjects (4ms)
			BackupInstance (0ms)
			ReleaseScriptingObjects (0ms)
			CreateAndSetChildDomain (17ms)
		EndReloadAssembly (968ms)
			LoadAssemblies (96ms)
			RebuildTransferFunctionScriptingTraits (0ms)
			SetupTypeCache (280ms)
			ReleaseScriptCaches (1ms)
			RebuildScriptCaches (47ms)
			SetupLoadedEditorAssemblies (433ms)
				LogAssemblyErrors (0ms)
				InitializePlatformSupportModulesInManaged (3ms)
				SetLoadedEditorAssemblies (0ms)
				RefreshPlugins (59ms)
				BeforeProcessingInitializeOnLoad (93ms)
				ProcessInitializeOnLoadAttributes (265ms)
				ProcessInitializeOnLoadMethodAttributes (4ms)
				AfterProcessingInitializeOnLoad (9ms)
				EditorAssembliesLoaded (0ms)
			ExecutionOrderSort2 (0ms)
			AwakeInstancesAfterBackupRestoration (6ms)
Platform modules already initialized, skipping
========================================================================
Worker process is ready to serve import requests
Launched and connected shader compiler UnityShaderCompiler.exe after 0.04 seconds
Refreshing native plugins compatible for Editor in 0.60 ms, found 2 plugins.
Preloading 0 native plugins for Editor in 0.00 ms.
Unloading 3239 Unused Serialized files (Serialized files now loaded: 0)
System memory in use before: 154.6 MB.
System memory in use after: 154.7 MB.

Unloading 20 unused Assets to reduce memory usage. Loaded Objects now: 3681.
Total: 3.388500 ms (FindLiveObjects: 0.294100 ms CreateObjectMapping: 0.087000 ms MarkObjects: 2.901000 ms  DeleteObjects: 0.105200 ms)

AssetImportParameters requested are different than current active one (requested -> active):
  custom:framework-win-MediaFoundation: 216162199b28c13a410421893ffa2e32 -> 
  custom:video-decoder-ogg-theora: a1e56fd34408186e4bbccfd4996cb3dc -> 
  custom:container-muxer-webm: aa71ff27fc2769a1b78a27578f13a17b -> 
  custom:container-demuxer-webm: 4f35f7cbe854078d1ac9338744f61a02 -> 
  custom:container-demuxer-ogg: 62fdf1f143b41e24485cea50d1cbac27 -> 
  custom:video-encoder-webm-vp8: eb34c28f22e8b96e1ab97ce403110664 -> 
  custom:video-codec-MediaFoundation-h265: 746d11721c4dcdbdad8f713fa42b33f4 -> 
  custom:video-decoder-webm-vp8: 9c59270c3fd7afecdb556c50c9e8de78 -> 
  custom:audio-decoder-ogg-vorbis: bf7c407c2cedff20999df2af8eb42d56 -> 
  custom:audio-encoder-webm-vorbis: bf7c407c2cedff20999df2af8eb42d56 -> 
========================================================================
Received Import Request.
  path: Assets/Models/Hazards/Hazard_Magnet.fbx
  artifactKey: Guid(14e97596cfcff7148a601a449a64fe2f) Importer(815301076,1909f56bfc062723c751e8b465ee728b)
Start importing Assets/Models/Hazards/Hazard_Magnet.fbx using Guid(14e97596cfcff7148a601a449a64fe2f) Importer(815301076,1909f56bfc062723c751e8b465ee728b)  -> (artifact id: 'f32ef5ae8b727de862b0dc00aba6f4fb') in 0.308408 seconds 
  Import took 0.313268 seconds .

========================================================================
Received Import Request.
  Time since last request: 0.000145 seconds.
  path: Assets/Models/Hazards/Hazard_Fan.fbx
  artifactKey: Guid(d39c939723e7d894ca937e23b4d805c3) Importer(815301076,1909f56bfc062723c751e8b465ee728b)
Start importing Assets/Models/Hazards/Hazard_Fan.fbx using Guid(d39c939723e7d894ca937e23b4d805c3) Importer(815301076,1909f56bfc062723c751e8b465ee728b)  -> (artifact id: 'cb6c00c4b997bfb902ee5107340bdb2e') in 0.032743 seconds 
  Import took 0.046051 seconds .

========================================================================
Received Import Request.
  Time since last request: 0.000202 seconds.
  path: Assets/Models/Hazards/Hazard_Cracked_Platform.fbx
  artifactKey: Guid(feffb024aa8b1c24d8741f207230e93b) Importer(815301076,1909f56bfc062723c751e8b465ee728b)
Start importing Assets/Models/Hazards/Hazard_Cracked_Platform.fbx using Guid(feffb024aa8b1c24d8741f207230e93b) Importer(815301076,1909f56bfc062723c751e8b465ee728b)  -> (artifact id: 'afb5f39c74b8c57a78902f14f1e8f4ce') in 0.015238 seconds 
  Import took 0.019797 seconds .

========================================================================
Received Import Request.
  Time since last request: 0.000194 seconds.
  path: Assets/Models/Hazards/Hazard_Pipe.fbx
  artifactKey: Guid(e6882b2831210e24c9ab5caadfa5127a) Importer(815301076,1909f56bfc062723c751e8b465ee728b)
Start importing Assets/Models/Hazards/Hazard_Pipe.fbx using Guid(e6882b2831210e24c9ab5caadfa5127a) Importer(815301076,1909f56bfc062723c751e8b465ee728b)  -> (artifact id: 'ea97786c65ccd4cf648fb9eef3037f8c') in 0.021122 seconds 
  Import took 0.025766 seconds .

========================================================================
Received Import Request.
  Time since last request: 0.000154 seconds.
  path: Assets/Models/Hazards/Hazard_Pipe_L.fbx
  artifactKey: Guid(aaba84f0b1809af42b2f105f89a470f4) Importer(815301076,1909f56bfc062723c751e8b465ee728b)
Start importing Assets/Models/Hazards/Hazard_Pipe_L.fbx using Guid(aaba84f0b1809af42b2f105f89a470f4) Importer(815301076,1909f56bfc062723c751e8b465ee728b)  -> (artifact id: '819b34a6796dced7ad5b149b66b2cbaa') in 0.022437 seconds 
  Import took 0.027101 seconds .

========================================================================
Received Import Request.
  Time since last request: 0.000159 seconds.
  path: Assets/Models/Hazards/Hazard_Trapdoor.fbx
  artifactKey: Guid(1c2a75ae25676914abbc4e4f4b949ac5) Importer(815301076,1909f56bfc062723c751e8b465ee728b)
Start importing Assets/Models/Hazards/Hazard_Trapdoor.fbx using Guid(1c2a75ae25676914abbc4e4f4b949ac5) Importer(815301076,1909f56bfc062723c751e8b465ee728b)  -> (artifact id: 'f5afc98b0c1a7c94368b4b0d0910da4f') in 0.039655 seconds 
  Import took 0.044505 seconds .

========================================================================
Received Import Request.
  Time since last request: 4.208333 seconds.
  path: Assets/Models/Platforms/Building_Platform.fbx
  artifactKey: Guid(6f714079055513748888980f2d66cef5) Importer(815301076,1909f56bfc062723c751e8b465ee728b)
Start importing Assets/Models/Platforms/Building_Platform.fbx using Guid(6f714079055513748888980f2d66cef5) Importer(815301076,1909f56bfc062723c751e8b465ee728b)  -> (artifact id: '7a2bdd0bc4c593607f714f2ba71b1f45') in 0.016803 seconds 
  Import took 0.021813 seconds .

========================================================================
Received Import Request.
  Time since last request: 0.000180 seconds.
  path: Assets/Models/Platforms/Building_Platform_Square.fbx
  artifactKey: Guid(229bc527b5644c94ea8585e30ccc6d6b) Importer(815301076,1909f56bfc062723c751e8b465ee728b)
Start importing Assets/Models/Platforms/Building_Platform_Square.fbx using Guid(229bc527b5644c94ea8585e30ccc6d6b) Importer(815301076,1909f56bfc062723c751e8b465ee728b)  -> (artifact id: 'eff060040002e96b2453a50ad8b929ba') in 0.015872 seconds 
  Import took 0.021091 seconds .

========================================================================
Received Prepare
Registering precompiled user dll's ...
Registered in 0.006152 seconds.
Begin MonoManager ReloadAssembly
Native extension for WindowsStandalone target not found
Refreshing native plugins compatible for Editor in 0.61 ms, found 2 plugins.
Preloading 0 native plugins for Editor in 0.00 ms.
Mono: successfully reloaded assembly
- Completed reload, in  1.067 seconds
Domain Reload Profiling:
	ReloadAssembly (1067ms)
		BeginReloadAssembly (124ms)
			ExecutionOrderSort (0ms)
			DisableScriptedObjects (5ms)
			BackupInstance (0ms)
			ReleaseScriptingObjects (0ms)
			CreateAndSetChildDomain (33ms)
		EndReloadAssembly (881ms)
			LoadAssemblies (90ms)
			RebuildTransferFunctionScriptingTraits (0ms)
			SetupTypeCache (276ms)
			ReleaseScriptCaches (1ms)
			RebuildScriptCaches (38ms)
			SetupLoadedEditorAssemblies (351ms)
				LogAssemblyErrors (0ms)
				InitializePlatformSupportModulesInManaged (4ms)
				SetLoadedEditorAssemblies (0ms)
				RefreshPlugins (1ms)
				BeforeProcessingInitializeOnLoad (87ms)
				ProcessInitializeOnLoadAttributes (248ms)
				ProcessInitializeOnLoadMethodAttributes (3ms)
				AfterProcessingInitializeOnLoad (8ms)
				EditorAssembliesLoaded (0ms)
			ExecutionOrderSort2 (0ms)
			AwakeInstancesAfterBackupRestoration (13ms)
Platform modules already initialized, skipping
Refreshing native plugins compatible for Editor in 0.61 ms, found 2 plugins.
Preloading 0 native plugins for Editor in 0.00 ms.
Unloading 3064 Unused Serialized files (Serialized files now loaded: 0)
System memory in use before: 146.3 MB.
System memory in use after: 146.5 MB.

Unloading 15 unused Assets to reduce memory usage. Loaded Objects now: 3731.
Total: 3.309000 ms (FindLiveObjects: 0.277200 ms CreateObjectMapping: 0.087300 ms MarkObjects: 2.853500 ms  DeleteObjects: 0.090100 ms)

AssetImportParameters requested are different than current active one (requested -> active):
  custom:framework-win-MediaFoundation: 216162199b28c13a410421893ffa2e32 -> 
  custom:video-decoder-ogg-theora: a1e56fd34408186e4bbccfd4996cb3dc -> 
  custom:container-muxer-webm: aa71ff27fc2769a1b78a27578f13a17b -> 
  custom:container-demuxer-webm: 4f35f7cbe854078d1ac9338744f61a02 -> 
  custom:container-demuxer-ogg: 62fdf1f143b41e24485cea50d1cbac27 -> 
  custom:video-encoder-webm-vp8: eb34c28f22e8b96e1ab97ce403110664 -> 
  custom:video-codec-MediaFoundation-h265: 746d11721c4dcdbdad8f713fa42b33f4 -> 
  custom:video-decoder-webm-vp8: 9c59270c3fd7afecdb556c50c9e8de78 -> 
  custom:audio-decoder-ogg-vorbis: bf7c407c2cedff20999df2af8eb42d56 -> 
  custom:audio-encoder-webm-vorbis: bf7c407c2cedff20999df2af8eb42d56 -> 
AssetImportWorkerClient::OnTransportError - code=2 error=End of file
