Using pre-set license
Built from '2020.3/staging' branch; Version is '2020.3.17f1 (a4537701e4ab) revision 10769271'; Using compiler version '192528614'; Build Type 'Release'
OS: 'Windows 10 Home; OS build 19042.1237; Version 2009; 64bit' Language: 'en' Physical Memory: 8091 MB
BatchMode: 1, IsHumanControllingUs: 0, StartBugReporterOnCrash: 0, Is64bit: 1, IsPro: 0

COMMAND LINE ARGUMENTS:
E:\Unity Versions\2020.3.17f1\Editor\Unity.exe
-adb2
-batchMode
-noUpm
-name
AssetImportWorker1
-projectPath
E:/CasualProject
-logFile
Logs/AssetImportWorker1.log
-srvPort
58576
Successfully changed project path to: E:/CasualProject
E:/CasualProject
Using Asset Import Pipeline V2.
Refreshing native plugins compatible for Editor in 96.79 ms, found 2 plugins.
Preloading 0 native plugins for Editor in 0.00 ms.
Initialize engine version: 2020.3.17f1 (a4537701e4ab)
[Subsystems] Discovering subsystems at path E:/Unity Versions/2020.3.17f1/Editor/Data/Resources/UnitySubsystems
[Subsystems] Discovering subsystems at path E:/CasualProject/Assets
GfxDevice: creating device client; threaded=0
Direct3D:
    Version:  Direct3D 11.0 [level 11.1]
    Renderer: NVIDIA GeForce GTX 970M (ID=0x13d8)
    Vendor:   
    VRAM:     3029 MB
    Driver:   30.0.14.7111
Initialize mono
Mono path[0] = 'E:/Unity Versions/2020.3.17f1/Editor/Data/Managed'
Mono path[1] = 'E:/Unity Versions/2020.3.17f1/Editor/Data/MonoBleedingEdge/lib/mono/unityjit'
Mono config path = 'E:/Unity Versions/2020.3.17f1/Editor/Data/MonoBleedingEdge/etc'
Using monoOptions --debugger-agent=transport=dt_socket,embedding=1,server=y,suspend=n,address=127.0.0.1:56400
Begin MonoManager ReloadAssembly
Registering precompiled unity dll's ...
Register platform support module: E:/Unity Versions/2020.3.17f1/Editor/Data/PlaybackEngines/WebGLSupport/UnityEditor.WebGL.Extensions.dll
Register platform support module: E:/Unity Versions/2020.3.17f1/Editor/Data/PlaybackEngines/WindowsStandaloneSupport/UnityEditor.WindowsStandalone.Extensions.dll
Registered in 0.004790 seconds.
Native extension for WindowsStandalone target not found
Native extension for WebGL target not found
Refreshing native plugins compatible for Editor in 90.42 ms, found 2 plugins.
Preloading 0 native plugins for Editor in 0.00 ms.
Mono: successfully reloaded assembly
- Completed reload, in  1.965 seconds
Domain Reload Profiling:
	ReloadAssembly (1965ms)
		BeginReloadAssembly (87ms)
			ExecutionOrderSort (0ms)
			DisableScriptedObjects (0ms)
			BackupInstance (0ms)
			ReleaseScriptingObjects (0ms)
			CreateAndSetChildDomain (1ms)
		EndReloadAssembly (719ms)
			LoadAssemblies (87ms)
			RebuildTransferFunctionScriptingTraits (0ms)
			SetupTypeCache (274ms)
			ReleaseScriptCaches (0ms)
			RebuildScriptCaches (56ms)
			SetupLoadedEditorAssemblies (268ms)
				LogAssemblyErrors (0ms)
				InitializePlatformSupportModulesInManaged (8ms)
				SetLoadedEditorAssemblies (0ms)
				RefreshPlugins (91ms)
				BeforeProcessingInitializeOnLoad (11ms)
				ProcessInitializeOnLoadAttributes (121ms)
				ProcessInitializeOnLoadMethodAttributes (37ms)
				AfterProcessingInitializeOnLoad (0ms)
				EditorAssembliesLoaded (0ms)
			ExecutionOrderSort2 (0ms)
			AwakeInstancesAfterBackupRestoration (0ms)
Platform modules already initialized, skipping
Registering precompiled user dll's ...
Registered in 0.005235 seconds.
Begin MonoManager ReloadAssembly
Native extension for WindowsStandalone target not found
Native extension for WebGL target not found
Refreshing native plugins compatible for Editor in 87.01 ms, found 2 plugins.
Preloading 0 native plugins for Editor in 0.00 ms.
Mono: successfully reloaded assembly
- Completed reload, in  6.305 seconds
Domain Reload Profiling:
	ReloadAssembly (6314ms)
		BeginReloadAssembly (213ms)
			ExecutionOrderSort (0ms)
			DisableScriptedObjects (5ms)
			BackupInstance (0ms)
			ReleaseScriptingObjects (0ms)
			CreateAndSetChildDomain (26ms)
		EndReloadAssembly (5987ms)
			LoadAssemblies (4502ms)
			RebuildTransferFunctionScriptingTraits (0ms)
			SetupTypeCache (550ms)
			ReleaseScriptCaches (1ms)
			RebuildScriptCaches (87ms)
			SetupLoadedEditorAssemblies (659ms)
				LogAssemblyErrors (0ms)
				InitializePlatformSupportModulesInManaged (7ms)
				SetLoadedEditorAssemblies (0ms)
				RefreshPlugins (87ms)
				BeforeProcessingInitializeOnLoad (122ms)
				ProcessInitializeOnLoadAttributes (430ms)
				ProcessInitializeOnLoadMethodAttributes (6ms)
				AfterProcessingInitializeOnLoad (6ms)
				EditorAssembliesLoaded (0ms)
			ExecutionOrderSort2 (0ms)
			AwakeInstancesAfterBackupRestoration (9ms)
Platform modules already initialized, skipping
========================================================================
Worker process is ready to serve import requests
Launched and connected shader compiler UnityShaderCompiler.exe after 0.22 seconds
Refreshing native plugins compatible for Editor in 0.95 ms, found 2 plugins.
Preloading 0 native plugins for Editor in 0.00 ms.
Unloading 3241 Unused Serialized files (Serialized files now loaded: 0)
System memory in use before: 152.8 MB.
System memory in use after: 152.9 MB.

Unloading 20 unused Assets to reduce memory usage. Loaded Objects now: 3676.
Total: 4.797600 ms (FindLiveObjects: 0.424800 ms CreateObjectMapping: 0.289700 ms MarkObjects: 3.826600 ms  DeleteObjects: 0.255400 ms)

AssetImportParameters requested are different than current active one (requested -> active):
  custom:framework-win-MediaFoundation: 216162199b28c13a410421893ffa2e32 -> 
  custom:video-decoder-ogg-theora: a1e56fd34408186e4bbccfd4996cb3dc -> 
  custom:container-muxer-webm: aa71ff27fc2769a1b78a27578f13a17b -> 
  custom:container-demuxer-webm: 4f35f7cbe854078d1ac9338744f61a02 -> 
  custom:container-demuxer-ogg: 62fdf1f143b41e24485cea50d1cbac27 -> 
  custom:video-encoder-webm-vp8: eb34c28f22e8b96e1ab97ce403110664 -> 
  custom:video-codec-MediaFoundation-h265: 746d11721c4dcdbdad8f713fa42b33f4 -> 
  custom:video-decoder-webm-vp8: 9c59270c3fd7afecdb556c50c9e8de78 -> 
  custom:audio-decoder-ogg-vorbis: bf7c407c2cedff20999df2af8eb42d56 -> 
  custom:audio-encoder-webm-vorbis: bf7c407c2cedff20999df2af8eb42d56 -> 
========================================================================
Received Import Request.
  path: Assets/Models/Hazards/Hazard_Crate.fbx
  artifactKey: Guid(d0b7d0a4c5e840e46a92e0342ce9a139) Importer(815301076,1909f56bfc062723c751e8b465ee728b)
Start importing Assets/Models/Hazards/Hazard_Crate.fbx using Guid(d0b7d0a4c5e840e46a92e0342ce9a139) Importer(815301076,1909f56bfc062723c751e8b465ee728b)  -> (artifact id: '733daf3688654bb2e28dd081787fb6ae') in 0.497579 seconds 
  Import took 0.505431 seconds .

========================================================================
Received Import Request.
  Time since last request: 271.727828 seconds.
  path: Assets/Models/Hazards/Hazard_Crate.fbx
  artifactKey: Guid(d0b7d0a4c5e840e46a92e0342ce9a139) Importer(815301076,1909f56bfc062723c751e8b465ee728b)
Start importing Assets/Models/Hazards/Hazard_Crate.fbx using Guid(d0b7d0a4c5e840e46a92e0342ce9a139) Importer(815301076,1909f56bfc062723c751e8b465ee728b)  -> (artifact id: '88fa0d4876abc10e8ff64be00ff0905e') in 0.045514 seconds 
  Import took 0.055236 seconds .

========================================================================
Received Import Request.
  Time since last request: 278.212152 seconds.
  path: Assets/Models/Hazards/Hazard_Crate.fbx
  artifactKey: Guid(d0b7d0a4c5e840e46a92e0342ce9a139) Importer(815301076,1909f56bfc062723c751e8b465ee728b)
Start importing Assets/Models/Hazards/Hazard_Crate.fbx using Guid(d0b7d0a4c5e840e46a92e0342ce9a139) Importer(815301076,1909f56bfc062723c751e8b465ee728b)  -> (artifact id: '17b8da86d898b3fcbce2fec815711a36') in 0.097391 seconds 
  Import took 0.110303 seconds .

========================================================================
Received Import Request.
  Time since last request: 416.793175 seconds.
  path: Assets/Models/Hazards/Hazard_Crate.fbx
  artifactKey: Guid(d0b7d0a4c5e840e46a92e0342ce9a139) Importer(815301076,1909f56bfc062723c751e8b465ee728b)
Start importing Assets/Models/Hazards/Hazard_Crate.fbx using Guid(d0b7d0a4c5e840e46a92e0342ce9a139) Importer(815301076,1909f56bfc062723c751e8b465ee728b)  -> (artifact id: 'b852bc834d12837182b8dbea80799865') in 0.135769 seconds 
  Import took 0.151650 seconds .

========================================================================
Received Import Request.
  Time since last request: 2136.791040 seconds.
  path: Assets/Models/Hazards/Hazard_Crate.fbx
  artifactKey: Guid(d0b7d0a4c5e840e46a92e0342ce9a139) Importer(815301076,1909f56bfc062723c751e8b465ee728b)
Start importing Assets/Models/Hazards/Hazard_Crate.fbx using Guid(d0b7d0a4c5e840e46a92e0342ce9a139) Importer(815301076,1909f56bfc062723c751e8b465ee728b)  -> (artifact id: 'a96e91623c5cc1b85386f70ac1ea9c9f') in 1.862911 seconds 
  Import took 2.966918 seconds .

========================================================================
Received Import Request.
  Time since last request: 37.494427 seconds.
  path: Assets/Models/Hazards/Hazard_Crate.fbx
  artifactKey: Guid(d0b7d0a4c5e840e46a92e0342ce9a139) Importer(815301076,1909f56bfc062723c751e8b465ee728b)
Start importing Assets/Models/Hazards/Hazard_Crate.fbx using Guid(d0b7d0a4c5e840e46a92e0342ce9a139) Importer(815301076,1909f56bfc062723c751e8b465ee728b)  -> (artifact id: 'fcc6df8276f1740d5f557910c7984afa') in 1.028779 seconds 
  Import took 1.051070 seconds .

========================================================================
Received Import Request.
  Time since last request: 10.069443 seconds.
  path: Assets/Models/Hazards/Hazard_Crate.fbx
  artifactKey: Guid(d0b7d0a4c5e840e46a92e0342ce9a139) Importer(815301076,1909f56bfc062723c751e8b465ee728b)
Start importing Assets/Models/Hazards/Hazard_Crate.fbx using Guid(d0b7d0a4c5e840e46a92e0342ce9a139) Importer(815301076,1909f56bfc062723c751e8b465ee728b)  -> (artifact id: '91374f3f252b112b573710ef0ab60020') in 0.373094 seconds 
  Import took 0.382032 seconds .

========================================================================
Received Import Request.
  Time since last request: 2.302961 seconds.
  path: Assets/Materials/Crate_MAT.mat
  artifactKey: Guid(912acdc57a4cc6346a0fb7c3013ec991) Importer(815301076,1909f56bfc062723c751e8b465ee728b)
Start importing Assets/Materials/Crate_MAT.mat using Guid(912acdc57a4cc6346a0fb7c3013ec991) Importer(815301076,1909f56bfc062723c751e8b465ee728b)  -> (artifact id: '96a5a727be78e7cd83fe27eb59dc75ed') in 0.453592 seconds 
  Import took 0.463659 seconds .

========================================================================
Received Import Request.
  Time since last request: 127.489454 seconds.
  path: Assets/Textures/CrateBump.tga
  artifactKey: Guid(cca794ee22b313f47ab33e307aecb22b) Importer(815301076,1909f56bfc062723c751e8b465ee728b)
Start importing Assets/Textures/CrateBump.tga using Guid(cca794ee22b313f47ab33e307aecb22b) Importer(815301076,1909f56bfc062723c751e8b465ee728b)  -> (artifact id: '23dbfbb884a9d80a1dfa5ef97b662644') in 4.530329 seconds 
  Import took 4.539290 seconds .

========================================================================
Received Import Request.
  Time since last request: 0.000315 seconds.
  path: Assets/Textures/CrateTexture.png
  artifactKey: Guid(9cf5a2debb70440438ba375847e0ce45) Importer(815301076,1909f56bfc062723c751e8b465ee728b)
Start importing Assets/Textures/CrateTexture.png using Guid(9cf5a2debb70440438ba375847e0ce45) Importer(815301076,1909f56bfc062723c751e8b465ee728b)  -> (artifact id: '9132da65da9eb28bc8c01d4aff406a32') in 0.520184 seconds 
  Import took 0.527554 seconds .

========================================================================
Received Import Request.
  Time since last request: 1062.710600 seconds.
  path: Assets/Models/Hazards/Hazard_Crate.fbx
  artifactKey: Guid(d0b7d0a4c5e840e46a92e0342ce9a139) Importer(815301076,1909f56bfc062723c751e8b465ee728b)
Start importing Assets/Models/Hazards/Hazard_Crate.fbx using Guid(d0b7d0a4c5e840e46a92e0342ce9a139) Importer(815301076,1909f56bfc062723c751e8b465ee728b)  -> (artifact id: 'e5abe5ae57a8ec98e70d41d7aadec523') in 0.581954 seconds 
  Import took 0.647741 seconds .

========================================================================
Received Import Request.
  Time since last request: 5.201886 seconds.
  path: Assets/Models/Hazards/Hazard_Crate_Shattered.fbx
  artifactKey: Guid(d64d1b034595413438cc608a693d282d) Importer(815301076,1909f56bfc062723c751e8b465ee728b)
Start importing Assets/Models/Hazards/Hazard_Crate_Shattered.fbx using Guid(d64d1b034595413438cc608a693d282d) Importer(815301076,1909f56bfc062723c751e8b465ee728b)  -> (artifact id: '087bee9f812473fe8f371d73b32f799c') in 3.355335 seconds 
  Import took 3.383451 seconds .

========================================================================
Received Import Request.
  Time since last request: 24.135538 seconds.
  path: Assets/Models/Hazards/Hazard_Crate.fbx
  artifactKey: Guid(d0b7d0a4c5e840e46a92e0342ce9a139) Importer(815301076,1909f56bfc062723c751e8b465ee728b)
Start importing Assets/Models/Hazards/Hazard_Crate.fbx using Guid(d0b7d0a4c5e840e46a92e0342ce9a139) Importer(815301076,1909f56bfc062723c751e8b465ee728b)  -> (artifact id: 'b23c3a7fc05092bcd10fa648d8c4e2ba') in 0.150979 seconds 
  Import took 0.162183 seconds .

========================================================================
Received Import Request.
  Time since last request: 0.013721 seconds.
  path: Assets/Models/Hazards/Hazard_Crate_Shattered.fbx
  artifactKey: Guid(d64d1b034595413438cc608a693d282d) Importer(815301076,1909f56bfc062723c751e8b465ee728b)
Start importing Assets/Models/Hazards/Hazard_Crate_Shattered.fbx using Guid(d64d1b034595413438cc608a693d282d) Importer(815301076,1909f56bfc062723c751e8b465ee728b)  -> (artifact id: '806a436c045cbdea5d4ec3ed03f0dcbb') in 0.538133 seconds 
  Import took 0.548781 seconds .

========================================================================
Received Import Request.
  Time since last request: 0.008001 seconds.
  path: Assets/Models/Hazards/Hazard_Crate_Shattered.fbx
  artifactKey: Guid(d64d1b034595413438cc608a693d282d) Importer(815301076,1909f56bfc062723c751e8b465ee728b)
Start importing Assets/Models/Hazards/Hazard_Crate_Shattered.fbx using Guid(d64d1b034595413438cc608a693d282d) Importer(815301076,1909f56bfc062723c751e8b465ee728b)  -> (artifact id: '806a436c045cbdea5d4ec3ed03f0dcbb') in 0.400827 seconds 
  Import took 0.410949 seconds .

========================================================================
Received Import Request.
  Time since last request: 7.803681 seconds.
  path: Assets/Models/Hazards/Hazard_Crate.fbx
  artifactKey: Guid(d0b7d0a4c5e840e46a92e0342ce9a139) Importer(815301076,1909f56bfc062723c751e8b465ee728b)
Start importing Assets/Models/Hazards/Hazard_Crate.fbx using Guid(d0b7d0a4c5e840e46a92e0342ce9a139) Importer(815301076,1909f56bfc062723c751e8b465ee728b)  -> (artifact id: '0dcd6b22b720060a92f8b590bdd1a45e') in 0.093206 seconds 
  Import took 0.109716 seconds .

========================================================================
Received Import Request.
  Time since last request: 16.443198 seconds.
  path: Assets/Materials/Crate_MAT.mat
  artifactKey: Guid(912acdc57a4cc6346a0fb7c3013ec991) Importer(815301076,1909f56bfc062723c751e8b465ee728b)
Start importing Assets/Materials/Crate_MAT.mat using Guid(912acdc57a4cc6346a0fb7c3013ec991) Importer(815301076,1909f56bfc062723c751e8b465ee728b)  -> (artifact id: 'c6e8a79d37f1e4fe28b19ff2ca87bcbf') in 0.067729 seconds 
  Import took 0.077976 seconds .

========================================================================
Received Import Request.
  Time since last request: 22.676865 seconds.
  path: Assets/Models/Hazards/Hazard_Crate_Shattered.fbx
  artifactKey: Guid(d64d1b034595413438cc608a693d282d) Importer(815301076,1909f56bfc062723c751e8b465ee728b)
Start importing Assets/Models/Hazards/Hazard_Crate_Shattered.fbx using Guid(d64d1b034595413438cc608a693d282d) Importer(815301076,1909f56bfc062723c751e8b465ee728b)  -> (artifact id: 'cdee3404ab1803ee00082acc25e8eb24') in 0.598243 seconds 
  Import took 0.613828 seconds .

========================================================================
Received Import Request.
  Time since last request: 99.962927 seconds.
  path: Assets/Textures/CrateBump.tga
  artifactKey: Guid(10ae4300c2749484db967855e943d8ae) Importer(815301076,1909f56bfc062723c751e8b465ee728b)
Start importing Assets/Textures/CrateBump.tga using Guid(10ae4300c2749484db967855e943d8ae) Importer(815301076,1909f56bfc062723c751e8b465ee728b)  -> (artifact id: 'd80c2376bedb1cad2458efd241704598') in 0.123958 seconds 
  Import took 0.166871 seconds .

========================================================================
Received Import Request.
  Time since last request: 0.000484 seconds.
  path: Assets/Textures/CrateTexture.png
  artifactKey: Guid(f0ea50aa11fbb2f4ea78d1eb026079b3) Importer(815301076,1909f56bfc062723c751e8b465ee728b)
Start importing Assets/Textures/CrateTexture.png using Guid(f0ea50aa11fbb2f4ea78d1eb026079b3) Importer(815301076,1909f56bfc062723c751e8b465ee728b)  -> (artifact id: '5265771b2359a4778659dffc48e42f79') in 0.084879 seconds 
  Import took 0.114259 seconds .

========================================================================
Received Import Request.
  Time since last request: 6.109644 seconds.
  path: Assets/Textures/CrateBump.tga
  artifactKey: Guid(10ae4300c2749484db967855e943d8ae) Importer(815301076,1909f56bfc062723c751e8b465ee728b)
Start importing Assets/Textures/CrateBump.tga using Guid(10ae4300c2749484db967855e943d8ae) Importer(815301076,1909f56bfc062723c751e8b465ee728b)  -> (artifact id: '313d7ae824fd76094ce277177c725fd8') in 2.958020 seconds 
  Import took 2.971577 seconds .

========================================================================
Received Import Request.
  Time since last request: 198.325266 seconds.
  path: Assets/Trapdoor.cs
  artifactKey: Guid(8bcf84c5e90114d448a510a66834d622) Importer(815301076,1909f56bfc062723c751e8b465ee728b)
Start importing Assets/Trapdoor.cs using Guid(8bcf84c5e90114d448a510a66834d622) Importer(815301076,1909f56bfc062723c751e8b465ee728b)  -> (artifact id: '2000f7ac5db0872b8d3bc9e1979a13cb') in 0.334402 seconds 
  Import took 0.355567 seconds .

========================================================================
Received Import Request.
  Time since last request: 0.010715 seconds.
  path: Assets/Trapdoor.cs
  artifactKey: Guid(8bcf84c5e90114d448a510a66834d622) Importer(815301076,1909f56bfc062723c751e8b465ee728b)
Start importing Assets/Trapdoor.cs using Guid(8bcf84c5e90114d448a510a66834d622) Importer(815301076,1909f56bfc062723c751e8b465ee728b)  -> (artifact id: '2000f7ac5db0872b8d3bc9e1979a13cb') in 0.013774 seconds 
  Import took 0.025424 seconds .

========================================================================
Received Import Request.
  Time since last request: 127.697762 seconds.
  path: Assets/Textures/CrateBump.tga
  artifactKey: Guid(10ae4300c2749484db967855e943d8ae) Importer(815301076,1909f56bfc062723c751e8b465ee728b)
Start importing Assets/Textures/CrateBump.tga using Guid(10ae4300c2749484db967855e943d8ae) Importer(815301076,1909f56bfc062723c751e8b465ee728b)  -> (artifact id: 'e89c2739450cc08c0628709cf60e029e') in 0.037404 seconds 
  Import took 0.046128 seconds .

